<?xml version="1.0" encoding="UTF-8"?>
<robot generated="20180626 10:16:09.623" generator="Robot 3.0.4 (Python 2.7.12 on linux2)">
<suite source="/home/budiman/Documents/automation-supply-chain/testcases/testcase.robot" id="s1" name="Testcase">
<test id="s1-t1" name="Initialize Browser To Upload">
<kw name="Open Browser to Upload File">
<kw name="Open Browser">
<arguments>
<arg>http://10.99.143.80:8080/</arg>
<arg>browser=chrome</arg>
</arguments>
<msg timestamp="20180626 10:16:09.823" level="FAIL">No keyword with name 'Open Browser' found.</msg>
<status status="FAIL" endtime="20180626 10:16:09.823" starttime="20180626 10:16:09.823"></status>
</kw>
<status status="FAIL" endtime="20180626 10:16:09.824" starttime="20180626 10:16:09.822"></status>
</kw>
<status status="FAIL" endtime="20180626 10:16:09.824" critical="yes" starttime="20180626 10:16:09.821">No keyword with name 'Open Browser' found.</status>
</test>
<test id="s1-t2" name="Check And Match Columns">
<kw name="Match Columns">
<kw name="Get Number Of Columns" library="fileParser">
<doc>Creates a keyword named "Get Numbers of Columns"</doc>
<arguments>
<arg>${filename}</arg>
</arguments>
<assign>
<var>${no_of_columns}</var>
</assign>
<msg timestamp="20180626 10:16:09.825" level="FAIL">ImportError: Install xlrd &gt;= 0.9.0 for Excel support</msg>
<status status="FAIL" endtime="20180626 10:16:09.826" starttime="20180626 10:16:09.825"></status>
</kw>
<status status="FAIL" endtime="20180626 10:16:09.826" starttime="20180626 10:16:09.824"></status>
</kw>
<status status="FAIL" endtime="20180626 10:16:09.826" critical="yes" starttime="20180626 10:16:09.824">ImportError: Install xlrd &gt;= 0.9.0 for Excel support</status>
</test>
<status status="FAIL" endtime="20180626 10:16:09.826" starttime="20180626 10:16:09.625"></status>
</suite>
<statistics>
<total>
<stat fail="2" pass="0">Critical Tests</stat>
<stat fail="2" pass="0">All Tests</stat>
</total>
<tag>
</tag>
<suite>
<stat fail="2" id="s1" name="Testcase" pass="0">Testcase</stat>
</suite>
</statistics>
<errors>
<msg timestamp="20180626 10:16:09.639" level="ERROR">Error in file '/home/budiman/Documents/automation-supply-chain/testcases/testcase.robot': Importing test library 'Selenium2Library' failed: ImportError: No module named Selenium2Library
Traceback (most recent call last):
  None
PYTHONPATH:
  /usr/local/bin
  /usr/lib/python2.7
  /usr/lib/python2.7/plat-x86_64-linux-gnu
  /usr/lib/python2.7/lib-tk
  /usr/lib/python2.7/lib-old
  /usr/lib/python2.7/lib-dynload
  /home/budiman/.local/lib/python2.7/site-packages
  /usr/local/lib/python2.7/dist-packages
  /usr/lib/python2.7/dist-packages</msg>
<msg timestamp="20180626 10:16:09.820" level="ERROR">Error in file '/home/budiman/Documents/automation-supply-chain/testcases/testcase.robot': Importing test library '/home/budiman/Documents/automation-supply-chain/lib/kafkaMessage.py' failed: ImportError: No module named confluent_kafka
Traceback (most recent call last):
  File "/home/budiman/Documents/automation-supply-chain/lib/kafkaMessage.py", line 1, in &lt;module&gt;
    from confluent_kafka import Consumer, KafkaError
PYTHONPATH:
  /usr/local/bin
  /usr/lib/python2.7
  /usr/lib/python2.7/plat-x86_64-linux-gnu
  /usr/lib/python2.7/lib-tk
  /usr/lib/python2.7/lib-old
  /usr/lib/python2.7/lib-dynload
  /home/budiman/.local/lib/python2.7/site-packages
  /usr/local/lib/python2.7/dist-packages
  /usr/lib/python2.7/dist-packages</msg>
<msg timestamp="20180626 10:16:09.821" level="ERROR">Error in file '/home/budiman/Documents/automation-supply-chain/testcases/testcase.robot': Importing test library '/home/budiman/Documents/automation-supply-chain/lib/couchbaseCheck.py' failed: ImportError: No module named couchbase.cluster
Traceback (most recent call last):
  File "/home/budiman/Documents/automation-supply-chain/lib/couchbaseCheck.py", line 1, in &lt;module&gt;
    from couchbase.cluster import Cluster
PYTHONPATH:
  /usr/local/bin
  /usr/lib/python2.7
  /usr/lib/python2.7/plat-x86_64-linux-gnu
  /usr/lib/python2.7/lib-tk
  /usr/lib/python2.7/lib-old
  /usr/lib/python2.7/lib-dynload
  /home/budiman/.local/lib/python2.7/site-packages
  /usr/local/lib/python2.7/dist-packages
  /usr/lib/python2.7/dist-packages</msg>
</errors>
</robot>
