<?xml version="1.0" encoding="UTF-8"?>
<robot generated="20180621 14:47:16.505" generator="Robot 3.0.4 (Python 2.7.15rc1 on linux2)">
<suite source="/home/budiman/Documents/automation-supply-chain/testcases/testcase.robot" id="s1" name="Testcase">
<test id="s1-t1" name="Initialize Browser To Upload">
<kw name="Open Browser to Upload File">
<kw name="Open Browser" library="Selenium2Library">
<doc>Opens a new browser instance to the given ``url``.</doc>
<arguments>
<arg>http://10.99.143.80:8080/</arg>
<arg>browser=chrome</arg>
</arguments>
<msg timestamp="20180621 14:47:20.195" level="INFO">Opening browser 'chrome' to base url 'http://10.99.143.80:8080/'.</msg>
<kw name="Capture Page Screenshot" library="Selenium2Library">
<doc>Takes screenshot of the current page and embeds it into log file.</doc>
<msg timestamp="20180621 14:48:14.886" level="FAIL">WebDriverException: Message: chrome not reachable
  (Session info: chrome=66.0.3359.181)
  (Driver info: chromedriver=2.36 (0),platform=Linux 4.15.0-23-generic x86_64)
</msg>
<status status="FAIL" endtime="20180621 14:48:14.887" starttime="20180621 14:48:14.657"></status>
</kw>
<msg timestamp="20180621 14:48:14.887" level="WARN">Keyword 'Capture Page Screenshot' could not be run on failure: WebDriverException: Message: chrome not reachable
  (Session info: chrome=66.0.3359.181)
  (Driver info: chromedriver=2.36 (0),platform=Linux 4.15.0-23-generic x86_64)
</msg>
<msg timestamp="20180621 14:48:14.899" level="FAIL">WebDriverException: Message: unknown error: cannot determine loading status
from disconnected: received Inspector.detached event
  (Session info: chrome=66.0.3359.181)
  (Driver info: chromedriver=2.36 (0),platform=Linux 4.15.0-23-generic x86_64)
</msg>
<status status="FAIL" endtime="20180621 14:48:14.899" starttime="20180621 14:47:20.195"></status>
</kw>
<status status="FAIL" endtime="20180621 14:48:14.899" starttime="20180621 14:47:20.194"></status>
</kw>
<status status="FAIL" endtime="20180621 14:48:14.899" critical="yes" starttime="20180621 14:47:20.193">WebDriverException: Message: unknown error: cannot determine loading status
from disconnected: received Inspector.detached event
  (Session info: chrome=66.0.3359.181)
  (Driver info: chromedriver=2.36 (0),platform=Linux 4.15.0-23-generic x86_64)
</status>
</test>
<test id="s1-t2" name="Check And Match SKU">
<kw name="Match SKU File With Kafka">
<kw name="Read Sku File" library="fileParser">
<doc>Creates a keyword named "Read SKU File"</doc>
<arguments>
<arg>/home/budiman/Documents/automation-supply-chain/files/SKU.xlsx</arg>
</arguments>
<assign>
<var>${sku}</var>
</assign>
<msg timestamp="20180621 14:48:15.178" level="INFO">${sku} = ['PRTF00001', 'PRTF00002', 'PRTF00003', 'PRTF00004', 'PRTF00005']</msg>
<status status="PASS" endtime="20180621 14:48:15.178" starttime="20180621 14:48:14.903"></status>
</kw>
<kw name="Set Global Variable" library="BuiltIn">
<doc>Makes a variable available globally in all tests and suites.</doc>
<arguments>
<arg>${sku}</arg>
</arguments>
<msg timestamp="20180621 14:48:15.180" level="INFO">${sku} = ['PRTF00001', 'PRTF00002', 'PRTF00003', 'PRTF00004', 'PRTF00005']</msg>
<status status="PASS" endtime="20180621 14:48:15.180" starttime="20180621 14:48:15.179"></status>
</kw>
<kw name="Get Topic Messages" library="kafkaMessage">
<arguments>
<arg>SkuCreateRequested</arg>
<arg>10.99.143.96:9092</arg>
</arguments>
<assign>
<var>${messages}</var>
</assign>
<status status="FAIL" endtime="20180621 14:48:29.819" starttime="20180621 14:48:15.180"></status>
</kw>
<status status="FAIL" endtime="20180621 14:48:29.820" starttime="20180621 14:48:14.902"></status>
</kw>
<status status="FAIL" endtime="20180621 14:48:29.820" critical="yes" starttime="20180621 14:48:14.902">Execution terminated by signal</status>
</test>
<status status="FAIL" endtime="20180621 14:48:29.822" starttime="20180621 14:47:16.508"></status>
</suite>
<statistics>
<total>
<stat fail="2" pass="0">Critical Tests</stat>
<stat fail="2" pass="0">All Tests</stat>
</total>
<tag>
</tag>
<suite>
<stat fail="2" id="s1" name="Testcase" pass="0">Testcase</stat>
</suite>
</statistics>
<errors>
<msg timestamp="20180621 14:48:14.887" level="WARN">Keyword 'Capture Page Screenshot' could not be run on failure: WebDriverException: Message: chrome not reachable
  (Session info: chrome=66.0.3359.181)
  (Driver info: chromedriver=2.36 (0),platform=Linux 4.15.0-23-generic x86_64)
</msg>
</errors>
</robot>
