<?xml version="1.0" encoding="UTF-8"?>
<robot generated="20180628 17:18:13.275" generator="Robot 3.0.4 (Python 2.7.12 on linux2)">
<suite source="/home/budiman/Documents/automation-supply-chain/testcases/testcase.robot" id="s1" name="Testcase">
<test id="s1-t1" name="SPLY-01">
<kw name="Open Browser to Upload File">
<kw name="Open Browser" library="Selenium2Library">
<doc>Opens a new browser instance to the given ``url``.</doc>
<arguments>
<arg>http://10.99.143.80:8080/</arg>
<arg>browser=chrome</arg>
</arguments>
<msg timestamp="20180628 17:18:13.783" level="INFO">Opening browser 'chrome' to base url 'http://10.99.143.80:8080/'.</msg>
<kw name="Capture Page Screenshot" library="Selenium2Library">
<doc>Takes screenshot of the current page and embeds it into log file.</doc>
<msg timestamp="20180628 17:18:24.684" level="FAIL">WebDriverException: Message: chrome not reachable
  (Session info: chrome=66.0.3359.181)
  (Driver info: chromedriver=2.36 (0),platform=Linux 4.13.0-45-generic x86_64)
</msg>
<status status="FAIL" endtime="20180628 17:18:24.684" starttime="20180628 17:18:24.673"></status>
</kw>
<msg timestamp="20180628 17:18:24.684" level="WARN">Keyword 'Capture Page Screenshot' could not be run on failure: WebDriverException: Message: chrome not reachable
  (Session info: chrome=66.0.3359.181)
  (Driver info: chromedriver=2.36 (0),platform=Linux 4.13.0-45-generic x86_64)
</msg>
<msg timestamp="20180628 17:18:24.685" level="FAIL">WebDriverException: Message: unknown error: cannot determine loading status
from disconnected: received Inspector.detached event
  (Session info: chrome=66.0.3359.181)
  (Driver info: chromedriver=2.36 (0),platform=Linux 4.13.0-45-generic x86_64)
</msg>
<status status="FAIL" endtime="20180628 17:18:24.685" starttime="20180628 17:18:13.782"></status>
</kw>
<status status="FAIL" endtime="20180628 17:18:24.685" starttime="20180628 17:18:13.781"></status>
</kw>
<status status="FAIL" endtime="20180628 17:18:24.685" critical="yes" starttime="20180628 17:18:13.780">WebDriverException: Message: unknown error: cannot determine loading status
from disconnected: received Inspector.detached event
  (Session info: chrome=66.0.3359.181)
  (Driver info: chromedriver=2.36 (0),platform=Linux 4.13.0-45-generic x86_64)
</status>
</test>
<test id="s1-t2" name="SPLY-03">
<kw name="Get Columns Data">
<kw name="Get Number Of Columns" library="fileParser">
<doc>Creates a keyword named "Get Numbers of Columns"</doc>
<arguments>
<arg>${filename}</arg>
</arguments>
<assign>
<var>${no_of_columns}</var>
</assign>
<msg timestamp="20180628 17:18:24.708" level="INFO">${no_of_columns} = 21</msg>
<status status="PASS" endtime="20180628 17:18:24.708" starttime="20180628 17:18:24.687"></status>
</kw>
<kw name="Get Number Of Rows" library="fileParser">
<doc>Creates a keyword named "Get Number of Rows"</doc>
<arguments>
<arg>${filename}</arg>
</arguments>
<assign>
<var>${no_of_rows}</var>
</assign>
<msg timestamp="20180628 17:18:24.717" level="INFO">${no_of_rows} = 5</msg>
<status status="PASS" endtime="20180628 17:18:24.718" starttime="20180628 17:18:24.708"></status>
</kw>
<kw name="Get Column Names" library="fileParser">
<doc>Creates a keyword named "Get Column Names"</doc>
<arguments>
<arg>${filename}</arg>
</arguments>
<assign>
<var>${columns}</var>
</assign>
<msg timestamp="20180628 17:18:24.728" level="INFO">${columns} = [u'SKU', u'Name', u'Specification', u'UOM', u'Full/part', u'Handling list', u'Inner length (mm)', u'Inner width (mm)', u'Inner height (mm)', u'Inner weight (gr)', u'Inner category', u'Outer length (mm...</msg>
<status status="PASS" endtime="20180628 17:18:24.728" starttime="20180628 17:18:24.718"></status>
</kw>
<kw name="Get List Of Items" library="fileParser">
<doc>Creates a keyword named "Get List of Items"</doc>
<arguments>
<arg>${filename}</arg>
</arguments>
<assign>
<var>${items}</var>
</assign>
<msg timestamp="20180628 17:18:24.735" level="INFO">${items} = [[u'PIPI00001', u'Alcor Deep Ebi Fry Wok', u'Diameter: 16cm \nWarna Sesuai Stock yang tersedia', u'pcs', u'Full', u'Tidak boleh dibanting', 300, 170, 120, 400, u'S', 300, 170, 120, 400, u'S', 320, 190...</msg>
<status status="PASS" endtime="20180628 17:18:24.736" starttime="20180628 17:18:24.728"></status>
</kw>
<kw name="Set Global Variable" library="BuiltIn">
<doc>Makes a variable available globally in all tests and suites.</doc>
<arguments>
<arg>${no_of_columns}</arg>
</arguments>
<msg timestamp="20180628 17:18:24.736" level="INFO">${no_of_columns} = 21</msg>
<status status="PASS" endtime="20180628 17:18:24.736" starttime="20180628 17:18:24.736"></status>
</kw>
<kw name="Set Global Variable" library="BuiltIn">
<doc>Makes a variable available globally in all tests and suites.</doc>
<arguments>
<arg>${no_of_rows}</arg>
</arguments>
<msg timestamp="20180628 17:18:24.737" level="INFO">${no_of_rows} = 5</msg>
<status status="PASS" endtime="20180628 17:18:24.737" starttime="20180628 17:18:24.736"></status>
</kw>
<kw name="Set Global Variable" library="BuiltIn">
<doc>Makes a variable available globally in all tests and suites.</doc>
<arguments>
<arg>${columns}</arg>
</arguments>
<msg timestamp="20180628 17:18:24.737" level="INFO">${columns} = [u'SKU', u'Name', u'Specification', u'UOM', u'Full/part', u'Handling list', u'Inner length (mm)', u'Inner width (mm)', u'Inner height (mm)', u'Inner weight (gr)', u'Inner category', u'Outer length (mm...</msg>
<status status="PASS" endtime="20180628 17:18:24.737" starttime="20180628 17:18:24.737"></status>
</kw>
<kw name="Set Global Variable" library="BuiltIn">
<doc>Makes a variable available globally in all tests and suites.</doc>
<arguments>
<arg>${items}</arg>
</arguments>
<msg timestamp="20180628 17:18:24.738" level="INFO">${items} = [[u'PIPI00001', u'Alcor Deep Ebi Fry Wok', u'Diameter: 16cm \nWarna Sesuai Stock yang tersedia', u'pcs', u'Full', u'Tidak boleh dibanting', 300, 170, 120, 400, u'S', 300, 170, 120, 400, u'S', 320, 190...</msg>
<status status="PASS" endtime="20180628 17:18:24.738" starttime="20180628 17:18:24.737"></status>
</kw>
<status status="PASS" endtime="20180628 17:18:24.738" starttime="20180628 17:18:24.687"></status>
</kw>
<kw name="Match Details With Kafka">
<kw name="Get Topic Messages" library="kafkaMessage">
<doc>Creates a keyword named "Get Topic Messages"</doc>
<arguments>
<arg>SkuCreateRequested</arg>
<arg>10.99.143.96:9092</arg>
</arguments>
<assign>
<var>${messages}</var>
</assign>
<status status="FAIL" endtime="20180628 17:18:26.214" starttime="20180628 17:18:24.740"></status>
</kw>
<status status="FAIL" endtime="20180628 17:18:26.215" starttime="20180628 17:18:24.739"></status>
</kw>
<status status="FAIL" endtime="20180628 17:18:26.216" critical="yes" starttime="20180628 17:18:24.686">Execution terminated by signal</status>
</test>
<status status="FAIL" endtime="20180628 17:18:26.219" starttime="20180628 17:18:13.276"></status>
</suite>
<statistics>
<total>
<stat fail="2" pass="0">Critical Tests</stat>
<stat fail="2" pass="0">All Tests</stat>
</total>
<tag>
</tag>
<suite>
<stat fail="2" id="s1" name="Testcase" pass="0">Testcase</stat>
</suite>
</statistics>
<errors>
<msg timestamp="20180628 17:18:24.684" level="WARN">Keyword 'Capture Page Screenshot' could not be run on failure: WebDriverException: Message: chrome not reachable
  (Session info: chrome=66.0.3359.181)
  (Driver info: chromedriver=2.36 (0),platform=Linux 4.13.0-45-generic x86_64)
</msg>
</errors>
</robot>
