<?xml version="1.0" encoding="UTF-8"?>
<robot generated="20180628 17:17:09.359" generator="Robot 3.0.4 (Python 2.7.12 on linux2)">
<suite source="/home/budiman/Documents/automation-supply-chain/testcases/testcase.robot" id="s1" name="Testcase">
<test id="s1-t1" name="SPLY-01">
<kw name="Open Browser to Upload File">
<kw name="Open Browser" library="Selenium2Library">
<doc>Opens a new browser instance to the given ``url``.</doc>
<arguments>
<arg>http://10.99.143.80:8080/</arg>
<arg>browser=chrome</arg>
</arguments>
<msg timestamp="20180628 17:17:13.440" level="INFO">Opening browser 'chrome' to base url 'http://10.99.143.80:8080/'.</msg>
<kw name="Capture Page Screenshot" library="Selenium2Library">
<doc>Takes screenshot of the current page and embeds it into log file.</doc>
<msg timestamp="20180628 17:17:25.327" level="FAIL">WebDriverException: Message: chrome not reachable
  (Session info: chrome=66.0.3359.181)
  (Driver info: chromedriver=2.36 (0),platform=Linux 4.13.0-45-generic x86_64)
</msg>
<status status="FAIL" endtime="20180628 17:17:25.328" starttime="20180628 17:17:24.935"></status>
</kw>
<msg timestamp="20180628 17:17:25.328" level="WARN">Keyword 'Capture Page Screenshot' could not be run on failure: WebDriverException: Message: chrome not reachable
  (Session info: chrome=66.0.3359.181)
  (Driver info: chromedriver=2.36 (0),platform=Linux 4.13.0-45-generic x86_64)
</msg>
<msg timestamp="20180628 17:17:25.419" level="FAIL">WebDriverException: Message: unknown error: cannot determine loading status
from disconnected: received Inspector.detached event
  (Session info: chrome=66.0.3359.181)
  (Driver info: chromedriver=2.36 (0),platform=Linux 4.13.0-45-generic x86_64)
</msg>
<status status="FAIL" endtime="20180628 17:17:25.420" starttime="20180628 17:17:13.439"></status>
</kw>
<status status="FAIL" endtime="20180628 17:17:25.420" starttime="20180628 17:17:13.439"></status>
</kw>
<status status="FAIL" endtime="20180628 17:17:25.421" critical="yes" starttime="20180628 17:17:13.437">WebDriverException: Message: unknown error: cannot determine loading status
from disconnected: received Inspector.detached event
  (Session info: chrome=66.0.3359.181)
  (Driver info: chromedriver=2.36 (0),platform=Linux 4.13.0-45-generic x86_64)
</status>
</test>
<test id="s1-t2" name="SPLY-03">
<kw name="Get Columns Data">
<kw name="Get Number Of Columns" library="fileParser">
<doc>Creates a keyword named "Get Numbers of Columns"</doc>
<arguments>
<arg>${filename}</arg>
</arguments>
<assign>
<var>${no_of_columns}</var>
</assign>
<msg timestamp="20180628 17:17:25.919" level="INFO">${no_of_columns} = 21</msg>
<status status="PASS" endtime="20180628 17:17:25.919" starttime="20180628 17:17:25.427"></status>
</kw>
<kw name="Get Number Of Rows" library="fileParser">
<doc>Creates a keyword named "Get Number of Rows"</doc>
<arguments>
<arg>${filename}</arg>
</arguments>
<assign>
<var>${no_of_rows}</var>
</assign>
<msg timestamp="20180628 17:17:25.947" level="INFO">${no_of_rows} = 5</msg>
<status status="PASS" endtime="20180628 17:17:25.947" starttime="20180628 17:17:25.920"></status>
</kw>
<kw name="Get Column Names" library="fileParser">
<doc>Creates a keyword named "Get Column Names"</doc>
<arguments>
<arg>${filename}</arg>
</arguments>
<assign>
<var>${columns}</var>
</assign>
<msg timestamp="20180628 17:17:25.959" level="INFO">${columns} = [u'SKU', u'Name', u'Specification', u'UOM', u'Full/part', u'Handling list', u'Inner length (mm)', u'Inner width (mm)', u'Inner height (mm)', u'Inner weight (gr)', u'Inner category', u'Outer length (mm...</msg>
<status status="PASS" endtime="20180628 17:17:25.959" starttime="20180628 17:17:25.947"></status>
</kw>
<kw name="Get List Of Items" library="fileParser">
<doc>Creates a keyword named "Get List of Items"</doc>
<arguments>
<arg>${filename}</arg>
</arguments>
<assign>
<var>${items}</var>
</assign>
<msg timestamp="20180628 17:17:25.968" level="INFO">${items} = [[u'PIPI00001', u'Alcor Deep Ebi Fry Wok', u'Diameter: 16cm \nWarna Sesuai Stock yang tersedia', u'pcs', u'Full', u'Tidak boleh dibanting', 300, 170, 120, 400, u'S', 300, 170, 120, 400, u'S', 320, 190...</msg>
<status status="PASS" endtime="20180628 17:17:25.968" starttime="20180628 17:17:25.959"></status>
</kw>
<kw name="Set Global Variable" library="BuiltIn">
<doc>Makes a variable available globally in all tests and suites.</doc>
<arguments>
<arg>${no_of_columns}</arg>
</arguments>
<msg timestamp="20180628 17:17:25.968" level="INFO">${no_of_columns} = 21</msg>
<status status="PASS" endtime="20180628 17:17:25.968" starttime="20180628 17:17:25.968"></status>
</kw>
<kw name="Set Global Variable" library="BuiltIn">
<doc>Makes a variable available globally in all tests and suites.</doc>
<arguments>
<arg>${no_of_rows}</arg>
</arguments>
<msg timestamp="20180628 17:17:25.969" level="INFO">${no_of_rows} = 5</msg>
<status status="PASS" endtime="20180628 17:17:25.969" starttime="20180628 17:17:25.968"></status>
</kw>
<kw name="Set Global Variable" library="BuiltIn">
<doc>Makes a variable available globally in all tests and suites.</doc>
<arguments>
<arg>${columns}</arg>
</arguments>
<msg timestamp="20180628 17:17:25.969" level="INFO">${columns} = [u'SKU', u'Name', u'Specification', u'UOM', u'Full/part', u'Handling list', u'Inner length (mm)', u'Inner width (mm)', u'Inner height (mm)', u'Inner weight (gr)', u'Inner category', u'Outer length (mm...</msg>
<status status="PASS" endtime="20180628 17:17:25.969" starttime="20180628 17:17:25.969"></status>
</kw>
<kw name="Set Global Variable" library="BuiltIn">
<doc>Makes a variable available globally in all tests and suites.</doc>
<arguments>
<arg>${items}</arg>
</arguments>
<msg timestamp="20180628 17:17:25.970" level="INFO">${items} = [[u'PIPI00001', u'Alcor Deep Ebi Fry Wok', u'Diameter: 16cm \nWarna Sesuai Stock yang tersedia', u'pcs', u'Full', u'Tidak boleh dibanting', 300, 170, 120, 400, u'S', 300, 170, 120, 400, u'S', 320, 190...</msg>
<status status="PASS" endtime="20180628 17:17:25.970" starttime="20180628 17:17:25.969"></status>
</kw>
<status status="PASS" endtime="20180628 17:17:25.970" starttime="20180628 17:17:25.426"></status>
</kw>
<kw name="Match Details With Kafka">
<kw name="Get Topic Messages">
<arguments>
<arg>SkuCreateRequested</arg>
<arg>10.99.143.96:9092</arg>
</arguments>
<assign>
<var>${messages}</var>
</assign>
<msg timestamp="20180628 17:17:25.974" level="FAIL">No keyword with name 'Get Topic Messages' found.</msg>
<status status="FAIL" endtime="20180628 17:17:25.975" starttime="20180628 17:17:25.974"></status>
</kw>
<status status="FAIL" endtime="20180628 17:17:25.975" starttime="20180628 17:17:25.970"></status>
</kw>
<status status="FAIL" endtime="20180628 17:17:25.975" critical="yes" starttime="20180628 17:17:25.424">No keyword with name 'Get Topic Messages' found.</status>
</test>
<status status="FAIL" endtime="20180628 17:17:25.975" starttime="20180628 17:17:09.362"></status>
</suite>
<statistics>
<total>
<stat fail="2" pass="0">Critical Tests</stat>
<stat fail="2" pass="0">All Tests</stat>
</total>
<tag>
</tag>
<suite>
<stat fail="2" id="s1" name="Testcase" pass="0">Testcase</stat>
</suite>
</statistics>
<errors>
<msg timestamp="20180628 17:17:13.183" level="ERROR">Error in file '/home/budiman/Documents/automation-supply-chain/testcases/testcase.robot': Importing test library '/home/budiman/Documents/automation-supply-chain/lib/kafkaMessage.py' failed: SyntaxError: invalid syntax (kafkaMessage.py, line 55)
Traceback (most recent call last):
  None
PYTHONPATH:
  /home/budiman/.local/bin
  /usr/lib/python2.7
  /usr/lib/python2.7/plat-x86_64-linux-gnu
  /usr/lib/python2.7/lib-tk
  /usr/lib/python2.7/lib-old
  /usr/lib/python2.7/lib-dynload
  /home/budiman/.local/lib/python2.7/site-packages
  /usr/local/lib/python2.7/dist-packages
  /usr/lib/python2.7/dist-packages</msg>
<msg timestamp="20180628 17:17:25.328" level="WARN">Keyword 'Capture Page Screenshot' could not be run on failure: WebDriverException: Message: chrome not reachable
  (Session info: chrome=66.0.3359.181)
  (Driver info: chromedriver=2.36 (0),platform=Linux 4.13.0-45-generic x86_64)
</msg>
</errors>
</robot>
